<?xml version="1.0" encoding="UTF-8"?>
<testsuite name="adapter.persistence.ProductRepositoryTest" tests="1" skipped="0" failures="0" errors="0" timestamp="2023-12-04T07:38:40" hostname="GRÉGORY" time="0.959">
  <properties/>
  <testcase name="testdb()" classname="adapter.persistence.ProductRepositoryTest" time="0.959"/>
  <system-out><![CDATA[
  .   ____          _            __ _ _
 /\\ / ___'_ __ _ _(_)_ __  __ _ \ \ \ \
( ( )\___ | '_ | '_| | '_ \/ _` | \ \ \ \
 \\/  ___)| |_)| | | | | || (_| |  ) ) ) )
  '  |____| .__|_| |_|_| |_\__, | / / / /
 =========|_|==============|___/=/_/_/_/
 :: Spring Boot ::                (v3.1.5)

2023-12-04 08:38:38 - a.persistence.ProductRepositoryTest - Starting ProductRepositoryTest using Java 21 with PID 22504 (started by Grégory in D:\Cours\Informatique - Réseaux et Télecom\IRT 3\App et Systèmes Entreprise\exo théorie\Projet_Gestock)
2023-12-04 08:38:38 - a.persistence.ProductRepositoryTest - No active profile set, falling back to 1 default profile: "default"
2023-12-04 08:38:39 - com.zaxxer.hikari.HikariDataSource - HikariPool-1 - Starting...
2023-12-04 08:38:40 - com.zaxxer.hikari.pool.HikariPool - HikariPool-1 - Added connection com.mysql.cj.jdbc.ConnectionImpl@7d42404e
2023-12-04 08:38:40 - com.zaxxer.hikari.HikariDataSource - HikariPool-1 - Start completed.
2023-12-04 08:38:40 - a.persistence.ProductRepositoryTest - Started ProductRepositoryTest in 2.57 seconds (process running for 4.99)
]]></system-out>
  <system-err><![CDATA[WARNING: A Java agent has been loaded dynamically (C:\Users\navez\.gradle\caches\modules-2\files-2.1\net.bytebuddy\byte-buddy-agent\1.14.9\dfb8707031008535048bad2b69735f46d0b6c5e5\byte-buddy-agent-1.14.9.jar)
WARNING: If a serviceability tool is in use, please run with -XX:+EnableDynamicAgentLoading to hide this warning
WARNING: If a serviceability tool is not in use, please run with -Djdk.instrument.traceUsage for more information
WARNING: Dynamic loading of agents will be disallowed by default in a future release
]]></system-err>
</testsuite>
